Start time: 15:51:25 on Apr 16,2024
qverilog mail_1.sv 
-- Compiling package mail_1_sv_unit
-- Compiling module mail_methods
** Warning: mail_1.sv(24): (qverilog-2240) Treating stand-alone use of function 'randomize' as an implicit VOID cast.

Top level modules:
	mail_methods
# vsim -lib work work.mail_1_sv_unit work.mail_methods -c -do "run -all; quit -f" -appendlog -l qverilog.log -vopt 
# ** Note: (vsim-3813) Design is being optimized due to module recompilation...
# ** Warning: mail_1.sv(24): (vopt-2240) Treating stand-alone use of function 'randomize' as an implicit VOID cast.
# //  Questa Sim-64
# //  Version 10.7c win64 Aug 18 2018
# //
# //  Copyright 1991-2018 Mentor Graphics Corporation
# //  All Rights Reserved.
# //
# //  QuestaSim and its associated documentation contain trade
# //  secrets and commercial or financial information that are the property of
# //  Mentor Graphics Corporation and are privileged, confidential,
# //  and exempt from disclosure under the Freedom of Information Act,
# //  5 U.S.C. Section 552. Furthermore, this information
# //  is prohibited from disclosure under the Trade Secrets Act,
# //  18 U.S.C. Section 1905.
# //
# Loading sv_std.std
# Loading work.mail_1_sv_unit(fast)
# Loading work.mail_methods(fast)
# ** Error: (vsim-8776) Use of a task 'get' in an expression.  The task is declared at C:/questasim64_10.7c/win64/../verilog_src/std/std.sv(41).
#    Time: 0 ns  Iteration: 0  Region: /mail_1_sv_unit File: mail_1.sv Line: 16
# ** Error: (vsim-8220) This or another usage of 'mbox1.get.$$' inconsistent with '(null)' object.
#    Time: 0 ns  Iteration: 0  Region: /mail_1_sv_unit File: mail_1.sv Line: 16
# Error loading design
# End time: 15:51:28 on Apr 16,2024, Elapsed time: 0:00:03
# Errors: 2, Warnings: 2
