Start time: 16:14:55 on Apr 25,2024
qverilog waitingevent.sv 
-- Compiling module ev

Top level modules:
	ev
# vsim -lib work work.ev -c -do "run -all; quit -f" -appendlog -l qverilog.log -vopt 
# ** Note: (vsim-3813) Design is being optimized due to module recompilation...
# //  Questa Sim-64
# //  Version 10.7c win64 Aug 18 2018
# //
# //  Copyright 1991-2018 Mentor Graphics Corporation
# //  All Rights Reserved.
# //
# //  QuestaSim and its associated documentation contain trade
# //  secrets and commercial or financial information that are the property of
# //  Mentor Graphics Corporation and are privileged, confidential,
# //  and exempt from disclosure under the Freedom of Information Act,
# //  5 U.S.C. Section 552. Furthermore, this information
# //  is prohibited from disclosure under the Trade Secrets Act,
# //  18 U.S.C. Section 1905.
# //
# Loading sv_std.std
# Loading work.ev(fast)
# run -all
# @0: 1: before trigger
# e2          0
# @0: 2:before trigger
# e1          1
# e1          1
# @0: after trigger 
# e2          1
# @0: 1: after trigger
#  quit -f
# End time: 16:14:57 on Apr 25,2024, Elapsed time: 0:00:02
# Errors: 0, Warnings: 0
