Start time: 15:22:50 on Apr 04,2024
qverilog subclass_objects.sv 
-- Compiling package subclass_objects_sv_unit
-- Compiling module subclass_objects

Top level modules:
	subclass_objects
# vsim -lib work work.subclass_objects_sv_unit work.subclass_objects -c -do "run -all; quit -f" -appendlog -l qverilog.log -vopt 
# ** Note: (vsim-8009) Loading existing optimized design _opt4
# //  Questa Sim-64
# //  Version 10.7c win64 Aug 18 2018
# //
# //  Copyright 1991-2018 Mentor Graphics Corporation
# //  All Rights Reserved.
# //
# //  QuestaSim and its associated documentation contain trade
# //  secrets and commercial or financial information that are the property of
# //  Mentor Graphics Corporation and are privileged, confidential,
# //  and exempt from disclosure under the Freedom of Information Act,
# //  5 U.S.C. Section 552. Furthermore, this information
# //  is prohibited from disclosure under the Trade Secrets Act,
# //  18 U.S.C. Section 1905.
# //
# Loading sv_std.std
# Loading work.subclass_objects_sv_unit(fast)
# Loading work.subclass_objects(fast)
# run -all
# -------------------------------------------
# m_obj1 values are: '{m1:97, sub_obj:@sub_class@1}
# m_obj1 values are: '{s1:122}
# m_obj1 address: 65539 and m_obj1.sub_obj address: 65538 
# m_obj2 values are: null
# m_obj3 values are: null
# -------------------------------------------
# m_obj1 values are: '{m1:97, sub_obj:@sub_class@1}
# m_obj1 values are: '{s1:122}
# m_obj1 address: 65539 and m_obj1.sub_obj address: 65538 
# m_obj2 values are: '{m1:97, sub_obj:@sub_class@1}
# m_obj1 values are: '{s1:122}
# m_obj2 address: 65539 and m_obj2.sub_obj address: 65538 
# m_obj3 values are: null
# -------------------------------------------
# m_obj1 values are: '{m1:97, sub_obj:@sub_class@1}
# m_obj1 values are: '{s1:122}
# m_obj1 address: 65539 and m_obj1.sub_obj address: 65538 
# m_obj2 values are: '{m1:97, sub_obj:@sub_class@1}
# m_obj1 values are: '{s1:122}
# m_obj2 address: 65539 and m_obj2.sub_obj address: 65538 
# m_obj3 values are: '{m1:97, sub_obj:@sub_class@1}
# m_obj1 values are: '{s1:122}
# m_obj3 address: 131075 and m_obj3.sub_obj address: 65538 
# -------------------------------------------
# m_obj1 values are: '{m1:65, sub_obj:@sub_class@1}
# m_obj1 values are: '{s1:90}
# m_obj1 address: 65539 and m_obj1.sub_obj address: 65538 
# m_obj2 values are: '{m1:65, sub_obj:@sub_class@1}
# m_obj1 values are: '{s1:90}
# m_obj2 address: 65539 and m_obj2.sub_obj address: 65538 
# m_obj3 values are: '{m1:97, sub_obj:@sub_class@1}
# m_obj1 values are: '{s1:90}
# m_obj3 address: 131075 and m_obj3.sub_obj address: 65538 
# -------------------------------------------
#  quit -f
# End time: 15:22:52 on Apr 04,2024, Elapsed time: 0:00:02
# Errors: 0, Warnings: 0
