Start time: 16:11:25 on Apr 02,2024
qverilog objects_method.sv 
-- Compiling package objects_method_sv_unit
-- Compiling module objects_methods

Top level modules:
	objects_methods
# vsim -lib work work.objects_method_sv_unit work.objects_methods -c -do "run -all; quit -f" -appendlog -l qverilog.log -vopt 
# ** Note: (vsim-3813) Design is being optimized due to module recompilation...
# //  Questa Sim-64
# //  Version 10.7c win64 Aug 18 2018
# //
# //  Copyright 1991-2018 Mentor Graphics Corporation
# //  All Rights Reserved.
# //
# //  QuestaSim and its associated documentation contain trade
# //  secrets and commercial or financial information that are the property of
# //  Mentor Graphics Corporation and are privileged, confidential,
# //  and exempt from disclosure under the Freedom of Information Act,
# //  5 U.S.C. Section 552. Furthermore, this information
# //  is prohibited from disclosure under the Trade Secrets Act,
# //  18 U.S.C. Section 1905.
# //
# Loading sv_std.std
# Loading work.objects_method_sv_unit(fast)
# Loading work.objects_methods(fast)
# run -all
# stored values are: '{s1:65}
# m_obj1 values are: '{m1:90, sub_obj:@sub_class@2}
# subclass values using mainclass method: '{s1:65}
#  quit -f
# End time: 16:11:27 on Apr 02,2024, Elapsed time: 0:00:02
# Errors: 0, Warnings: 0
