Start time: 13:58:54 on Apr 20,2024
qverilog multi_class.sv 
-- Compiling package multi_class_sv_unit
** Warning: multi_class.sv(35): (qverilog-2240) Treating stand-alone use of function 'randomize' as an implicit VOID cast.
-- Compiling module multi_mbox

Top level modules:
	multi_mbox
# vsim -lib work work.multi_class_sv_unit work.multi_mbox -c -do "run -all; quit -f" -appendlog -l qverilog.log -vopt 
# ** Note: (vsim-3813) Design is being optimized due to module recompilation...
# ** Warning: multi_class.sv(35): (vopt-2240) Treating stand-alone use of function 'randomize' as an implicit VOID cast.
# //  Questa Sim-64
# //  Version 10.7c win64 Aug 18 2018
# //
# //  Copyright 1991-2018 Mentor Graphics Corporation
# //  All Rights Reserved.
# //
# //  QuestaSim and its associated documentation contain trade
# //  secrets and commercial or financial information that are the property of
# //  Mentor Graphics Corporation and are privileged, confidential,
# //  and exempt from disclosure under the Freedom of Information Act,
# //  5 U.S.C. Section 552. Furthermore, this information
# //  is prohibited from disclosure under the Trade Secrets Act,
# //  18 U.S.C. Section 1905.
# //
# Loading sv_std.std
# Loading work.multi_class_sv_unit(fast)
# Loading work.multi_mbox(fast)
# run -all
#                    0 :size: 1: IN GEN mbx : '{a:-125}
#                    0 :size: 2: IN GEN mbx : '{a:68}
#                    0 :size: 3: IN GEN mbx : '{a:33}
#                    0 :size: 4: IN GEN mbx : '{a:-56}
#                    0 :size: 5: IN GEN mbx : '{a:-119}
#                    0 :size: 4: IN driver mbx : '{a:-125}
#                    0 :size: 3: IN driver mbx : '{a:68}
#                    0 :size: 2: IN driver mbx : '{a:33}
#                    0 :size: 1: IN driver mbx : '{a:-56}
#                    0 :size: 0: IN driver mbx : '{a:-119}
#                    0 :size: 1: IN GEN mbx : '{a:-22}
#                    0 :size: 2: IN GEN mbx : '{a:2}
#                    0 :size: 3: IN GEN mbx : '{a:-97}
#                    0 :size: 4: IN GEN mbx : '{a:-33}
#                    0 :size: 5: IN GEN mbx : '{a:-37}
#                    0 :size: 4: IN driver mbx : '{a:-22}
#                    0 :size: 3: IN driver mbx : '{a:2}
#                    0 :size: 2: IN driver mbx : '{a:-97}
#                    0 :size: 1: IN driver mbx : '{a:-33}
#                    0 :size: 0: IN driver mbx : '{a:-37}
# completed
#  quit -f
# End time: 13:58:57 on Apr 20,2024, Elapsed time: 0:00:03
# Errors: 0, Warnings: 2
